2017/04/19 11:23:18 [error] [exception.CDbException] exception 'CDbException' with message 'CDbConnection failed to open the DB connection: SQLSTATE[28000] [1045] Access denied for user 'root'@'localhost' (using password: YES)' in /var/www/ppma-06/vendor/yiisoft/yii/framework/db/CDbConnection.php:382
Stack trace:
#0 /var/www/ppma-06/vendor/yiisoft/yii/framework/db/CDbConnection.php(330): CDbConnection->open()
#1 /var/www/ppma-06/vendor/yiisoft/yii/framework/db/CDbConnection.php(308): CDbConnection->setActive(true)
#2 /var/www/ppma-06/vendor/yiisoft/yii/framework/base/CModule.php(387): CDbConnection->init()
#3 /var/www/ppma-06/vendor/yiisoft/yii/framework/base/CModule.php(103): CModule->getComponent('db')
#4 /var/www/ppma-06/protected/controllers/SetupController.php(110): CModule->__get('db')
#5 /var/www/ppma-06/protected/controllers/SetupController.php(80): SetupController->createTables()
#6 /var/www/ppma-06/protected/controllers/SetupController.php(28): SetupController->actionStep2()
#7 /var/www/ppma-06/vendor/yiisoft/yii/framework/web/actions/CInlineAction.php(49): SetupController->actionIndex()
#8 /var/www/ppma-06/vendor/yiisoft/yii/framework/web/CController.php(308): CInlineAction->runWithParams(Array)
#9 /var/www/ppma-06/vendor/yiisoft/yii/framework/web/filters/CFilterChain.php(133): CController->runAction(Object(CInlineAction))
#10 /var/www/ppma-06/vendor/yiisoft/yii/framework/web/filters/CFilter.php(40): CFilterChain->run()
#11 /var/www/ppma-06/vendor/yiisoft/yii/framework/web/filters/CFilterChain.php(130): CFilter->filter(Object(CFilterChain))
#12 /var/www/ppma-06/vendor/yiisoft/yii/framework/web/filters/CFilter.php(40): CFilterChain->run()
#13 /var/www/ppma-06/vendor/yiisoft/yii/framework/web/filters/CFilterChain.php(130): CFilter->filter(Object(CFilterChain))
#14 /var/www/ppma-06/vendor/yiisoft/yii/framework/web/CController.php(291): CFilterChain->run()
#15 /var/www/ppma-06/vendor/yiisoft/yii/framework/web/CController.php(265): CController->runActionWithFilters(Object(CInlineAction), Array)
#16 /var/www/ppma-06/vendor/yiisoft/yii/framework/web/CWebApplication.php(282): CController->run('')
#17 /var/www/ppma-06/vendor/yiisoft/yii/framework/web/CWebApplication.php(141): CWebApplication->runController('setup')
#18 /var/www/ppma-06/vendor/yiisoft/yii/framework/base/CApplication.php(180): CWebApplication->processRequest()
#19 /var/www/ppma-06/index.php(14): CApplication->run()
#20 {main}
REQUEST_URI=/ppma-06/index.php?r=setup&step=2
HTTP_REFERER=http://179.0.151.46/ppma-06/index.php?r=setup&step=2
---
2017/04/19 11:23:33 [error] [system.db.CDbCommand] CDbCommand::execute() failed: SQLSTATE[42S02]: Base table or view not found: 1051 Unknown table 'Entry'. The SQL statement executed was: DROP TABLE `Entry`.
in /var/www/ppma-06/protected/controllers/SetupController.php (114)
in /var/www/ppma-06/protected/controllers/SetupController.php (80)
in /var/www/ppma-06/protected/controllers/SetupController.php (28)
2017/04/19 11:23:33 [error] [system.db.CDbCommand] CDbCommand::execute() failed: SQLSTATE[42S02]: Base table or view not found: 1051 Unknown table 'EntryHasTag'. The SQL statement executed was: DROP TABLE `EntryHasTag`.
in /var/www/ppma-06/protected/controllers/SetupController.php (131)
in /var/www/ppma-06/protected/controllers/SetupController.php (80)
in /var/www/ppma-06/protected/controllers/SetupController.php (28)
2017/04/19 11:23:33 [error] [system.db.CDbCommand] CDbCommand::execute() failed: SQLSTATE[42S02]: Base table or view not found: 1051 Unknown table 'Tag'. The SQL statement executed was: DROP TABLE `Tag`.
in /var/www/ppma-06/protected/controllers/SetupController.php (143)
in /var/www/ppma-06/protected/controllers/SetupController.php (80)
in /var/www/ppma-06/protected/controllers/SetupController.php (28)
2017/04/19 11:23:33 [error] [system.db.CDbCommand] CDbCommand::execute() failed: SQLSTATE[42S02]: Base table or view not found: 1051 Unknown table 'User'. The SQL statement executed was: DROP TABLE `User`.
in /var/www/ppma-06/protected/controllers/SetupController.php (155)
in /var/www/ppma-06/protected/controllers/SetupController.php (80)
in /var/www/ppma-06/protected/controllers/SetupController.php (28)
2017/04/19 11:23:33 [error] [system.db.CDbCommand] CDbCommand::execute() failed: SQLSTATE[42S02]: Base table or view not found: 1051 Unknown table 'Setting'. The SQL statement executed was: DROP TABLE `Setting`.
in /var/www/ppma-06/protected/controllers/SetupController.php (170)
in /var/www/ppma-06/protected/controllers/SetupController.php (80)
in /var/www/ppma-06/protected/controllers/SetupController.php (28)
2017/04/19 11:25:27 [warning] [application] Failed to set unsafe attribute "file" of "ImportCsvUploadForm".
in /var/www/ppma-06/protected/controllers/import/CSVAction.php (16)
in /var/www/ppma-06/index.php (14)
2017/04/19 11:32:19 [warning] [application] Failed to set unsafe attribute "file" of "ImportCsvUploadForm".
in /var/www/ppma-06/protected/controllers/import/CSVAction.php (16)
in /var/www/ppma-06/index.php (14)
2017/04/19 11:36:16 [warning] [application] Failed to set unsafe attribute "id" of "Entry".
in /var/www/ppma-06/protected/controllers/EntryController.php (64)
in /var/www/ppma-06/index.php (14)
2017/04/19 11:47:53 [warning] [application] Failed to set unsafe attribute "id" of "Entry".
in /var/www/ppma-06/protected/controllers/EntryController.php (64)
in /var/www/ppma-06/index.php (14)
2017/04/19 11:49:02 [warning] [application] Failed to set unsafe attribute "id" of "Entry".
in /var/www/ppma-06/protected/controllers/EntryController.php (64)
in /var/www/ppma-06/index.php (14)
2017/04/19 11:50:16 [warning] [application] Failed to set unsafe attribute "id" of "Entry".
in /var/www/ppma-06/protected/controllers/EntryController.php (64)
in /var/www/ppma-06/index.php (14)
2017/04/19 11:51:16 [warning] [application] Failed to set unsafe attribute "id" of "Entry".
in /var/www/ppma-06/protected/controllers/EntryController.php (64)
in /var/www/ppma-06/index.php (14)
2017/04/19 11:51:52 [warning] [application] Failed to set unsafe attribute "id" of "Entry".
in /var/www/ppma-06/protected/controllers/EntryController.php (222)
in /var/www/ppma-06/index.php (14)
2017/04/19 11:52:07 [warning] [application] Failed to set unsafe attribute "id" of "Entry".
in /var/www/ppma-06/protected/controllers/EntryController.php (222)
in /var/www/ppma-06/index.php (14)
2017/04/19 11:53:08 [warning] [application] Failed to set unsafe attribute "id" of "Entry".
in /var/www/ppma-06/protected/controllers/EntryController.php (64)
in /var/www/ppma-06/index.php (14)
2017/04/19 11:54:01 [warning] [application] Failed to set unsafe attribute "id" of "Entry".
in /var/www/ppma-06/protected/controllers/EntryController.php (64)
in /var/www/ppma-06/index.php (14)
2017/04/19 12:01:52 [warning] [application] Failed to set unsafe attribute "id" of "Entry".
in /var/www/ppma-06/protected/controllers/EntryController.php (64)
in /var/www/ppma-06/index.php (14)
2017/04/19 12:06:27 [warning] [application] Failed to set unsafe attribute "id" of "Entry".
in /var/www/ppma-06/protected/controllers/EntryController.php (64)
in /var/www/ppma-06/index.php (14)
2017/04/19 12:08:50 [warning] [application] Failed to set unsafe attribute "id" of "Entry".
in /var/www/ppma-06/protected/controllers/EntryController.php (64)
in /var/www/ppma-06/index.php (14)
2017/04/19 12:10:24 [warning] [application] Failed to set unsafe attribute "id" of "Entry".
in /var/www/ppma-06/protected/controllers/EntryController.php (64)
in /var/www/ppma-06/index.php (14)
2017/04/19 12:10:30 [warning] [application] Failed to set unsafe attribute "id" of "Entry".
in /var/www/ppma-06/protected/controllers/EntryController.php (222)
in /var/www/ppma-06/index.php (14)
2017/04/19 12:11:10 [warning] [application] Failed to set unsafe attribute "id" of "Entry".
in /var/www/ppma-06/protected/controllers/EntryController.php (222)
in /var/www/ppma-06/index.php (14)
2017/04/19 12:12:47 [warning] [application] Failed to set unsafe attribute "id" of "Entry".
in /var/www/ppma-06/protected/controllers/EntryController.php (222)
in /var/www/ppma-06/index.php (14)
2017/04/19 12:13:12 [warning] [application] Failed to set unsafe attribute "id" of "Entry".
in /var/www/ppma-06/protected/controllers/EntryController.php (222)
in /var/www/ppma-06/index.php (14)
2017/04/19 12:13:14 [warning] [application] Failed to set unsafe attribute "id" of "Entry".
in /var/www/ppma-06/protected/controllers/EntryController.php (64)
in /var/www/ppma-06/index.php (14)
2017/04/19 12:13:34 [warning] [application] Failed to set unsafe attribute "id" of "Entry".
in /var/www/ppma-06/protected/controllers/EntryController.php (222)
in /var/www/ppma-06/index.php (14)
2017/04/19 12:13:59 [warning] [application] Failed to set unsafe attribute "id" of "Entry".
in /var/www/ppma-06/protected/controllers/EntryController.php (222)
in /var/www/ppma-06/index.php (14)
2017/04/19 12:14:19 [warning] [application] Failed to set unsafe attribute "id" of "Entry".
in /var/www/ppma-06/protected/controllers/EntryController.php (222)
in /var/www/ppma-06/index.php (14)
2017/04/19 12:14:40 [warning] [application] Failed to set unsafe attribute "id" of "Entry".
in /var/www/ppma-06/protected/controllers/EntryController.php (222)
in /var/www/ppma-06/index.php (14)
2017/04/19 12:14:46 [warning] [application] Failed to set unsafe attribute "id" of "Entry".
in /var/www/ppma-06/protected/controllers/EntryController.php (64)
in /var/www/ppma-06/index.php (14)
2017/04/19 12:15:03 [warning] [application] Failed to set unsafe attribute "id" of "Entry".
in /var/www/ppma-06/protected/controllers/EntryController.php (222)
in /var/www/ppma-06/index.php (14)
2017/04/19 12:15:38 [warning] [application] Failed to set unsafe attribute "id" of "Entry".
in /var/www/ppma-06/protected/controllers/EntryController.php (64)
in /var/www/ppma-06/index.php (14)
2017/04/19 12:16:35 [warning] [application] Failed to set unsafe attribute "id" of "Entry".
in /var/www/ppma-06/protected/controllers/EntryController.php (64)
in /var/www/ppma-06/index.php (14)
2017/04/19 12:16:38 [warning] [application] Failed to set unsafe attribute "id" of "Entry".
in /var/www/ppma-06/protected/controllers/EntryController.php (222)
in /var/www/ppma-06/index.php (14)
2017/04/19 12:17:04 [warning] [application] Failed to set unsafe attribute "id" of "Entry".
in /var/www/ppma-06/protected/controllers/EntryController.php (222)
in /var/www/ppma-06/index.php (14)
2017/04/19 12:17:21 [warning] [application] Failed to set unsafe attribute "id" of "Entry".
in /var/www/ppma-06/protected/controllers/EntryController.php (222)
in /var/www/ppma-06/index.php (14)
2017/04/19 12:17:47 [warning] [application] Failed to set unsafe attribute "id" of "Entry".
in /var/www/ppma-06/protected/controllers/EntryController.php (222)
in /var/www/ppma-06/index.php (14)
2017/04/19 12:18:04 [warning] [application] Failed to set unsafe attribute "id" of "Entry".
in /var/www/ppma-06/protected/controllers/EntryController.php (222)
in /var/www/ppma-06/index.php (14)
2017/04/19 12:18:20 [warning] [application] Failed to set unsafe attribute "id" of "Entry".
in /var/www/ppma-06/protected/controllers/EntryController.php (222)
in /var/www/ppma-06/index.php (14)
2017/04/19 12:20:32 [warning] [application] Failed to set unsafe attribute "id" of "Entry".
in /var/www/ppma-06/protected/controllers/EntryController.php (64)
in /var/www/ppma-06/index.php (14)
2017/04/19 12:35:52 [warning] [application] Failed to set unsafe attribute "id" of "Entry".
in /var/www/ppma-06/protected/controllers/EntryController.php (222)
in /var/www/ppma-06/index.php (14)
2017/04/20 15:15:52 [warning] [application] Failed to set unsafe attribute "id" of "Entry".
in /var/www/ppma-06/protected/controllers/EntryController.php (64)
in /var/www/ppma-06/index.php (14)
2017/04/20 15:18:05 [warning] [application] Failed to set unsafe attribute "id" of "Entry".
in /var/www/ppma-06/protected/controllers/EntryController.php (64)
in /var/www/ppma-06/index.php (14)
2017/04/20 15:19:53 [warning] [application] Failed to set unsafe attribute "id" of "Entry".
in /var/www/ppma-06/protected/controllers/EntryController.php (222)
in /var/www/ppma-06/index.php (14)
2017/04/20 15:22:07 [warning] [application] Failed to set unsafe attribute "id" of "Entry".
in /var/www/ppma-06/protected/controllers/EntryController.php (64)
in /var/www/ppma-06/index.php (14)
2017/04/20 15:22:19 [warning] [application] Failed to set unsafe attribute "id" of "Entry".
in /var/www/ppma-06/protected/controllers/EntryController.php (222)
in /var/www/ppma-06/index.php (14)
2017/04/20 15:23:42 [warning] [application] Failed to set unsafe attribute "id" of "Entry".
in /var/www/ppma-06/protected/controllers/EntryController.php (64)
in /var/www/ppma-06/index.php (14)
2017/04/20 15:28:30 [warning] [application] Failed to set unsafe attribute "id" of "Entry".
in /var/www/ppma-06/protected/controllers/EntryController.php (222)
in /var/www/ppma-06/index.php (14)
2017/04/20 15:28:48 [warning] [application] Failed to set unsafe attribute "id" of "Entry".
in /var/www/ppma-06/protected/controllers/EntryController.php (222)
in /var/www/ppma-06/index.php (14)
2017/04/20 15:29:08 [warning] [application] Failed to set unsafe attribute "id" of "Entry".
in /var/www/ppma-06/protected/controllers/EntryController.php (222)
in /var/www/ppma-06/index.php (14)
2017/04/20 15:29:27 [warning] [application] Failed to set unsafe attribute "id" of "Entry".
in /var/www/ppma-06/protected/controllers/EntryController.php (222)
in /var/www/ppma-06/index.php (14)
2017/04/20 15:32:38 [warning] [application] Failed to set unsafe attribute "id" of "Entry".
in /var/www/ppma-06/protected/controllers/EntryController.php (64)
in /var/www/ppma-06/index.php (14)
2017/04/20 15:33:54 [warning] [application] Failed to set unsafe attribute "id" of "Entry".
in /var/www/ppma-06/protected/controllers/EntryController.php (222)
in /var/www/ppma-06/index.php (14)
2017/04/24 16:06:09 [warning] [application] Failed to set unsafe attribute "id" of "Entry".
in /var/www/ppma-06/protected/controllers/EntryController.php (64)
in /var/www/ppma-06/index.php (14)
2017/04/24 16:07:16 [warning] [application] Failed to set unsafe attribute "id" of "Entry".
in /var/www/ppma-06/protected/controllers/EntryController.php (222)
in /var/www/ppma-06/index.php (14)
2017/04/24 16:09:48 [warning] [application] Failed to set unsafe attribute "id" of "Entry".
in /var/www/ppma-06/protected/controllers/EntryController.php (64)
in /var/www/ppma-06/index.php (14)
2017/04/24 19:51:31 [warning] [application] Failed to set unsafe attribute "id" of "Entry".
in /var/www/ppma-06/protected/controllers/EntryController.php (64)
in /var/www/ppma-06/index.php (14)
2017/04/24 19:52:43 [warning] [application] Failed to set unsafe attribute "id" of "Entry".
in /var/www/ppma-06/protected/controllers/EntryController.php (222)
in /var/www/ppma-06/index.php (14)
2017/04/24 19:54:48 [warning] [application] Failed to set unsafe attribute "id" of "Entry".
in /var/www/ppma-06/protected/controllers/EntryController.php (64)
in /var/www/ppma-06/index.php (14)
2017/04/24 19:57:12 [warning] [application] Failed to set unsafe attribute "id" of "Entry".
in /var/www/ppma-06/protected/controllers/EntryController.php (64)
in /var/www/ppma-06/index.php (14)
2017/04/24 20:00:27 [warning] [application] Failed to set unsafe attribute "id" of "Entry".
in /var/www/ppma-06/protected/controllers/EntryController.php (64)
in /var/www/ppma-06/index.php (14)
2017/04/24 20:03:40 [warning] [application] Failed to set unsafe attribute "id" of "Entry".
in /var/www/ppma-06/protected/controllers/EntryController.php (64)
in /var/www/ppma-06/index.php (14)
2017/04/24 20:16:14 [warning] [application] Failed to set unsafe attribute "id" of "Entry".
in /var/www/ppma-06/protected/controllers/EntryController.php (64)
in /var/www/ppma-06/index.php (14)
2017/04/24 20:18:26 [warning] [application] Failed to set unsafe attribute "id" of "Entry".
in /var/www/ppma-06/protected/controllers/EntryController.php (64)
in /var/www/ppma-06/index.php (14)
2017/04/24 20:22:52 [warning] [application] Failed to set unsafe attribute "id" of "Entry".
in /var/www/ppma-06/protected/controllers/EntryController.php (64)
in /var/www/ppma-06/index.php (14)
2017/04/24 20:24:29 [warning] [application] Failed to set unsafe attribute "id" of "Entry".
in /var/www/ppma-06/protected/controllers/EntryController.php (64)
in /var/www/ppma-06/index.php (14)
2017/04/25 12:50:37 [warning] [application] Failed to set unsafe attribute "id" of "Entry".
in /var/www/ppma-06/protected/controllers/EntryController.php (64)
in /var/www/ppma-06/index.php (16)
2017/04/26 14:53:52 [warning] [application] Failed to set unsafe attribute "id" of "Entry".
in /var/www/ppma-06/protected/controllers/EntryController.php (64)
in /var/www/ppma-06/index.php (14)
2017/04/26 14:59:35 [warning] [application] Failed to set unsafe attribute "id" of "Entry".
in /var/www/ppma-06/protected/controllers/EntryController.php (64)
in /var/www/ppma-06/index.php (14)
2017/04/27 18:40:33 [error] [exception.CHttpException.404] exception 'CHttpException' with message 'The system is unable to find the requested action "index".' in /var/www/ppma-06/vendor/yiisoft/yii/framework/web/CController.php:483
Stack trace:
#0 /var/www/ppma-06/vendor/yiisoft/yii/framework/web/CController.php(270): CController->missingAction('')
#1 /var/www/ppma-06/vendor/yiisoft/yii/framework/web/CWebApplication.php(282): CController->run('')
#2 /var/www/ppma-06/vendor/yiisoft/yii/framework/web/CWebApplication.php(141): CWebApplication->runController('user/')
#3 /var/www/ppma-06/vendor/yiisoft/yii/framework/base/CApplication.php(180): CWebApplication->processRequest()
#4 /var/www/ppma-06/index.php(14): CApplication->run()
#5 {main}
REQUEST_URI=/ppma-06/index.php?r=user/
---
2017/04/27 18:40:37 [error] [exception.CHttpException.404] exception 'CHttpException' with message 'The system is unable to find the requested action "user".' in /var/www/ppma-06/vendor/yiisoft/yii/framework/web/CController.php:483
Stack trace:
#0 /var/www/ppma-06/vendor/yiisoft/yii/framework/web/CController.php(270): CController->missingAction('user')
#1 /var/www/ppma-06/vendor/yiisoft/yii/framework/web/CWebApplication.php(282): CController->run('user')
#2 /var/www/ppma-06/vendor/yiisoft/yii/framework/web/CWebApplication.php(141): CWebApplication->runController('user/user')
#3 /var/www/ppma-06/vendor/yiisoft/yii/framework/base/CApplication.php(180): CWebApplication->processRequest()
#4 /var/www/ppma-06/index.php(14): CApplication->run()
#5 {main}
REQUEST_URI=/ppma-06/index.php?r=user/user
---
2017/04/27 18:40:45 [error] [exception.CHttpException.404] exception 'CHttpException' with message 'The system is unable to find the requested action "create".' in /var/www/ppma-06/vendor/yiisoft/yii/framework/web/CController.php:483
Stack trace:
#0 /var/www/ppma-06/vendor/yiisoft/yii/framework/web/CController.php(270): CController->missingAction('create')
#1 /var/www/ppma-06/vendor/yiisoft/yii/framework/web/CWebApplication.php(282): CController->run('create')
#2 /var/www/ppma-06/vendor/yiisoft/yii/framework/web/CWebApplication.php(141): CWebApplication->runController('user/create')
#3 /var/www/ppma-06/vendor/yiisoft/yii/framework/base/CApplication.php(180): CWebApplication->processRequest()
#4 /var/www/ppma-06/index.php(14): CApplication->run()
#5 {main}
REQUEST_URI=/ppma-06/index.php?r=user/create
---
2017/05/30 12:28:04 [warning] [application] Failed to set unsafe attribute "id" of "Entry".
in /var/www/ppma-06/protected/controllers/EntryController.php (222)
in /var/www/ppma-06/index.php (14)
2017/05/30 12:28:41 [warning] [application] Failed to set unsafe attribute "id" of "Entry".
in /var/www/ppma-06/protected/controllers/EntryController.php (222)
in /var/www/ppma-06/index.php (14)
2017/05/31 19:29:23 [warning] [application] Failed to set unsafe attribute "id" of "Entry".
in /var/www/ppma-06/protected/controllers/EntryController.php (222)
in /var/www/ppma-06/index.php (14)
2017/06/02 16:57:50 [warning] [application] Failed to set unsafe attribute "id" of "Entry".
in /var/www/ppma-06/protected/controllers/EntryController.php (222)
in /var/www/ppma-06/index.php (14)
2019/05/14 13:01:19 [warning] [application] Failed to set unsafe attribute "id" of "Entry".
in /u01/guia/ppma-06/protected/controllers/EntryController.php (64)
in /u01/guia/ppma-06/index.php (14)
2019/06/14 10:33:57 [warning] [application] Failed to set unsafe attribute "id" of "Entry".
in /u01/guia/ppma-06/protected/controllers/EntryController.php (64)
in /u01/guia/ppma-06/index.php (14)
2019/08/06 17:00:03 [warning] [application] Failed to set unsafe attribute "id" of "Entry".
in /u01/guia/ppma-06/protected/controllers/EntryController.php (222)
in /u01/guia/ppma-06/index.php (14)
2019/09/17 17:18:08 [error] [exception.CHttpException.403] exception 'CHttpException' with message 'Login Required' in /u01/guia/ppma-06/vendor/yiisoft/yii/framework/web/auth/CWebUser.php:394
Stack trace:
#0 /u01/guia/ppma-06/vendor/yiisoft/yii/framework/web/auth/CAccessControlFilter.php(180): CWebUser->loginRequired()
#1 /u01/guia/ppma-06/vendor/yiisoft/yii/framework/web/auth/CAccessControlFilter.php(145): CAccessControlFilter->accessDenied(Object(WebUser), 'You are not aut...')
#2 /u01/guia/ppma-06/vendor/yiisoft/yii/framework/web/filters/CFilter.php(38): CAccessControlFilter->preFilter(Object(CFilterChain))
#3 /u01/guia/ppma-06/vendor/yiisoft/yii/framework/web/CController.php(1145): CFilter->filter(Object(CFilterChain))
#4 /u01/guia/ppma-06/vendor/yiisoft/yii/framework/web/filters/CInlineFilter.php(58): CController->filterAccessControl(Object(CFilterChain))
#5 /u01/guia/ppma-06/vendor/yiisoft/yii/framework/web/filters/CFilterChain.php(130): CInlineFilter->filter(Object(CFilterChain))
#6 /u01/guia/ppma-06/vendor/yiisoft/yii/framework/web/CController.php(291): CFilterChain->run()
#7 /u01/guia/ppma-06/vendor/yiisoft/yii/framework/web/CController.php(265): CController->runActionWithFilters(Object(CInlineAction), Array)
#8 /u01/guia/ppma-06/vendor/yiisoft/yii/framework/web/CWebApplication.php(282): CController->run('getData')
#9 /u01/guia/ppma-06/vendor/yiisoft/yii/framework/web/CWebApplication.php(141): CWebApplication->runController('entry/getData')
#10 /u01/guia/ppma-06/vendor/yiisoft/yii/framework/base/CApplication.php(180): CWebApplication->processRequest()
#11 /u01/guia/ppma-06/index.php(14): CApplication->run()
#12 {main}
REQUEST_URI=/ppma-06/index.php?r=entry/getData&id=11&withPassword=1
HTTP_REFERER=https://guia.provinciamicroempresas.com/ppma-06/index.php?r=entry%2Findex&q=antivirus
---
2019/09/17 17:18:20 [error] [exception.CHttpException.403] exception 'CHttpException' with message 'Login Required' in /u01/guia/ppma-06/vendor/yiisoft/yii/framework/web/auth/CWebUser.php:394
Stack trace:
#0 /u01/guia/ppma-06/vendor/yiisoft/yii/framework/web/auth/CAccessControlFilter.php(180): CWebUser->loginRequired()
#1 /u01/guia/ppma-06/vendor/yiisoft/yii/framework/web/auth/CAccessControlFilter.php(145): CAccessControlFilter->accessDenied(Object(WebUser), 'You are not aut...')
#2 /u01/guia/ppma-06/vendor/yiisoft/yii/framework/web/filters/CFilter.php(38): CAccessControlFilter->preFilter(Object(CFilterChain))
#3 /u01/guia/ppma-06/vendor/yiisoft/yii/framework/web/CController.php(1145): CFilter->filter(Object(CFilterChain))
#4 /u01/guia/ppma-06/vendor/yiisoft/yii/framework/web/filters/CInlineFilter.php(58): CController->filterAccessControl(Object(CFilterChain))
#5 /u01/guia/ppma-06/vendor/yiisoft/yii/framework/web/filters/CFilterChain.php(130): CInlineFilter->filter(Object(CFilterChain))
#6 /u01/guia/ppma-06/vendor/yiisoft/yii/framework/web/CController.php(291): CFilterChain->run()
#7 /u01/guia/ppma-06/vendor/yiisoft/yii/framework/web/CController.php(265): CController->runActionWithFilters(Object(CInlineAction), Array)
#8 /u01/guia/ppma-06/vendor/yiisoft/yii/framework/web/CWebApplication.php(282): CController->run('getData')
#9 /u01/guia/ppma-06/vendor/yiisoft/yii/framework/web/CWebApplication.php(141): CWebApplication->runController('entry/getData')
#10 /u01/guia/ppma-06/vendor/yiisoft/yii/framework/base/CApplication.php(180): CWebApplication->processRequest()
#11 /u01/guia/ppma-06/index.php(14): CApplication->run()
#12 {main}
REQUEST_URI=/ppma-06/index.php?r=entry/getData&id=11&withPassword=1
HTTP_REFERER=https://guia.provinciamicroempresas.com/ppma-06/index.php?r=entry%2Findex&q=antivirus
---
2019/09/18 09:38:25 [warning] [application] Failed to set unsafe attribute "id" of "Entry".
in /u01/guia/ppma-06/protected/controllers/EntryController.php (222)
in /u01/guia/ppma-06/index.php (14)
2019/09/18 09:38:31 [warning] [application] Failed to set unsafe attribute "id" of "Entry".
in /u01/guia/ppma-06/protected/controllers/EntryController.php (222)
in /u01/guia/ppma-06/index.php (14)
2019/09/18 09:43:00 [warning] [application] Failed to set unsafe attribute "id" of "Entry".
in /u01/guia/ppma-06/protected/controllers/EntryController.php (222)
in /u01/guia/ppma-06/index.php (14)
2019/09/25 15:31:36 [warning] [application] Failed to set unsafe attribute "id" of "Entry".
in /u01/guia/ppma-06/protected/controllers/EntryController.php (64)
in /u01/guia/ppma-06/index.php (14)
2019/09/25 15:31:58 [warning] [application] Failed to set unsafe attribute "id" of "Entry".
in /u01/guia/ppma-06/protected/controllers/EntryController.php (222)
in /u01/guia/ppma-06/index.php (14)
2020/01/10 10:13:14 [warning] [application] Failed to set unsafe attribute "id" of "Entry".
in /u01/guia/ppma-06/protected/controllers/EntryController.php (222)
in /u01/guia/ppma-06/index.php (14)
2020/01/13 09:49:35 [warning] [application] Failed to set unsafe attribute "id" of "Entry".
in /u01/guia/ppma-06/protected/controllers/EntryController.php (222)
in /u01/guia/ppma-06/index.php (14)
2020/05/16 21:03:31 [error] [exception.CDbException] CDbException: CDbConnection failed to open the DB connection: SQLSTATE[HY000] [1045] Access denied for user 'mboero'@'localhost' (using password: YES) in /home/Administrador/data/ppma-06/vendor/yiisoft/yii/framework/db/CDbConnection.php:382
Stack trace:
#0 /home/Administrador/data/ppma-06/vendor/yiisoft/yii/framework/db/CDbConnection.php(330): CDbConnection->open()
#1 /home/Administrador/data/ppma-06/vendor/yiisoft/yii/framework/db/CDbConnection.php(308): CDbConnection->setActive(true)
#2 /home/Administrador/data/ppma-06/vendor/yiisoft/yii/framework/base/CModule.php(387): CDbConnection->init()
#3 /home/Administrador/data/ppma-06/vendor/yiisoft/yii/framework/base/CApplication.php(450): CModule->getComponent('db')
#4 /home/Administrador/data/ppma-06/vendor/yiisoft/yii/framework/db/ar/CActiveRecord.php(634): CApplication->getDb()
#5 /home/Administrador/data/ppma-06/vendor/yiisoft/yii/framework/db/ar/CActiveRecord.php(667): CActiveRecord->getDbConnection()
#6 /home/Administrador/data/ppma-06/vendor/yiisoft/yii/framework/db/ar/CActiveRecord.php(1455): CActiveRecord->getCommandBuilder()
#7 /home/Administrador/data/ppma-06/protected/components/SettingsComponent.php(33): CActiveRecord->find()
#8 /home/Administrador/data/ppma-06/protected/components/SettingsComponent.php(22): SettingsComponent->get('force_ssl')
#9 /home/Administrador/data/ppma-06/protected/components/SettingsComponent.php(12): SettingsComponent->getAsBoolean('force_ssl')
#10 /home/Administrador/data/ppma-06/protected/components/SslFilter.php(16): SettingsComponent->getAsBool('force_ssl')
#11 /home/Administrador/data/ppma-06/vendor/yiisoft/yii/framework/web/filters/CFilter.php(38): SslFilter->preFilter(Object(CFilterChain))
#12 /home/Administrador/data/ppma-06/vendor/yiisoft/yii/framework/web/filters/CFilterChain.php(130): CFilter->filter(Object(CFilterChain))
#13 /home/Administrador/data/ppma-06/vendor/yiisoft/yii/framework/web/filters/CFilter.php(40): CFilterChain->run()
#14 /home/Administrador/data/ppma-06/vendor/yiisoft/yii/framework/web/filters/CFilterChain.php(130): CFilter->filter(Object(CFilterChain))
#15 /home/Administrador/data/ppma-06/vendor/yiisoft/yii/framework/web/CController.php(291): CFilterChain->run()
#16 /home/Administrador/data/ppma-06/vendor/yiisoft/yii/framework/web/CController.php(265): CController->runActionWithFilters(Object(CInlineAction), Array)
#17 /home/Administrador/data/ppma-06/vendor/yiisoft/yii/framework/web/CWebApplication.php(282): CController->run('')
#18 /home/Administrador/data/ppma-06/vendor/yiisoft/yii/framework/web/CWebApplication.php(141): CWebApplication->runController('')
#19 /home/Administrador/data/ppma-06/vendor/yiisoft/yii/framework/base/CApplication.php(180): CWebApplication->processRequest()
#20 /home/Administrador/data/ppma-06/index.php(14): CApplication->run()
#21 {main}
REQUEST_URI=/ppma-06/
HTTP_REFERER=http://data.provinciamicrocreditos.com/
---
2020/05/16 21:04:31 [error] [exception.CDbException] CDbException: CDbConnection failed to open the DB connection: SQLSTATE[HY000] [1049] Unknown database 'ppma' in /home/Administrador/data/ppma-06/vendor/yiisoft/yii/framework/db/CDbConnection.php:382
Stack trace:
#0 /home/Administrador/data/ppma-06/vendor/yiisoft/yii/framework/db/CDbConnection.php(330): CDbConnection->open()
#1 /home/Administrador/data/ppma-06/vendor/yiisoft/yii/framework/db/CDbConnection.php(308): CDbConnection->setActive(true)
#2 /home/Administrador/data/ppma-06/vendor/yiisoft/yii/framework/base/CModule.php(387): CDbConnection->init()
#3 /home/Administrador/data/ppma-06/vendor/yiisoft/yii/framework/base/CApplication.php(450): CModule->getComponent('db')
#4 /home/Administrador/data/ppma-06/vendor/yiisoft/yii/framework/db/ar/CActiveRecord.php(634): CApplication->getDb()
#5 /home/Administrador/data/ppma-06/vendor/yiisoft/yii/framework/db/ar/CActiveRecord.php(667): CActiveRecord->getDbConnection()
#6 /home/Administrador/data/ppma-06/vendor/yiisoft/yii/framework/db/ar/CActiveRecord.php(1455): CActiveRecord->getCommandBuilder()
#7 /home/Administrador/data/ppma-06/protected/components/SettingsComponent.php(33): CActiveRecord->find()
#8 /home/Administrador/data/ppma-06/protected/components/SettingsComponent.php(22): SettingsComponent->get('force_ssl')
#9 /home/Administrador/data/ppma-06/protected/components/SettingsComponent.php(12): SettingsComponent->getAsBoolean('force_ssl')
#10 /home/Administrador/data/ppma-06/protected/components/SslFilter.php(16): SettingsComponent->getAsBool('force_ssl')
#11 /home/Administrador/data/ppma-06/vendor/yiisoft/yii/framework/web/filters/CFilter.php(38): SslFilter->preFilter(Object(CFilterChain))
#12 /home/Administrador/data/ppma-06/vendor/yiisoft/yii/framework/web/filters/CFilterChain.php(130): CFilter->filter(Object(CFilterChain))
#13 /home/Administrador/data/ppma-06/vendor/yiisoft/yii/framework/web/filters/CFilter.php(40): CFilterChain->run()
#14 /home/Administrador/data/ppma-06/vendor/yiisoft/yii/framework/web/filters/CFilterChain.php(130): CFilter->filter(Object(CFilterChain))
#15 /home/Administrador/data/ppma-06/vendor/yiisoft/yii/framework/web/CController.php(291): CFilterChain->run()
#16 /home/Administrador/data/ppma-06/vendor/yiisoft/yii/framework/web/CController.php(265): CController->runActionWithFilters(Object(CInlineAction), Array)
#17 /home/Administrador/data/ppma-06/vendor/yiisoft/yii/framework/web/CWebApplication.php(282): CController->run('')
#18 /home/Administrador/data/ppma-06/vendor/yiisoft/yii/framework/web/CWebApplication.php(141): CWebApplication->runController('')
#19 /home/Administrador/data/ppma-06/vendor/yiisoft/yii/framework/base/CApplication.php(180): CWebApplication->processRequest()
#20 /home/Administrador/data/ppma-06/index.php(14): CApplication->run()
#21 {main}
REQUEST_URI=/ppma-06/
HTTP_REFERER=http://data.provinciamicrocreditos.com/
---
2020/05/16 21:11:47 [error] [exception.CException] CException: CSecurityManager requires PHP mcrypt extension to be loaded in order to use data encryption feature. in /home/Administrador/data/ppma-06/vendor/yiisoft/yii/framework/base/CSecurityManager.php:250
Stack trace:
#0 /home/Administrador/data/ppma-06/vendor/yiisoft/yii/framework/base/CSecurityManager.php(218): CSecurityManager->openCryptModule()
#1 /home/Administrador/data/ppma-06/protected/components/UserIdentity.php(35): CSecurityManager->decrypt('\xA9\xDA\xEB\x80\xD6\xEF\x95Z}x,U3\x8F\xDA...', 'Prome20176a7b7e...')
#2 /home/Administrador/data/ppma-06/protected/models/forms/LoginForm.php(59): UserIdentity->authenticate()
#3 /home/Administrador/data/ppma-06/vendor/yiisoft/yii/framework/validators/CInlineValidator.php(42): LoginForm->authenticate('password', Array)
#4 /home/Administrador/data/ppma-06/vendor/yiisoft/yii/framework/validators/CValidator.php(213): CInlineValidator->validateAttribute(Object(LoginForm), 'password')
#5 /home/Administrador/data/ppma-06/vendor/yiisoft/yii/framework/base/CModel.php(159): CValidator->validate(Object(LoginForm), Array)
#6 /home/Administrador/data/ppma-06/protected/controllers/UserController.php(46): CModel->validate()
#7 /home/Administrador/data/ppma-06/vendor/yiisoft/yii/framework/web/actions/CInlineAction.php(49): UserController->actionLogin()
#8 /home/Administrador/data/ppma-06/vendor/yiisoft/yii/framework/web/CController.php(308): CInlineAction->runWithParams(Array)
#9 /home/Administrador/data/ppma-06/vendor/yiisoft/yii/framework/web/filters/CFilterChain.php(133): CController->runAction(Object(CInlineAction))
#10 /home/Administrador/data/ppma-06/vendor/yiisoft/yii/framework/web/filters/CFilter.php(40): CFilterChain->run()
#11 /home/Administrador/data/ppma-06/vendor/yiisoft/yii/framework/web/filters/CFilterChain.php(130): CFilter->filter(Object(CFilterChain))
#12 /home/Administrador/data/ppma-06/vendor/yiisoft/yii/framework/web/filters/CFilter.php(40): CFilterChain->run()
#13 /home/Administrador/data/ppma-06/vendor/yiisoft/yii/framework/web/filters/CFilterChain.php(130): CFilter->filter(Object(CFilterChain))
#14 /home/Administrador/data/ppma-06/vendor/yiisoft/yii/framework/web/filters/CFilter.php(40): CFilterChain->run()
#15 /home/Administrador/data/ppma-06/vendor/yiisoft/yii/framework/web/CController.php(1145): CFilter->filter(Object(CFilterChain))
#16 /home/Administrador/data/ppma-06/vendor/yiisoft/yii/framework/web/filters/CInlineFilter.php(58): CController->filterAccessControl(Object(CFilterChain))
#17 /home/Administrador/data/ppma-06/vendor/yiisoft/yii/framework/web/filters/CFilterChain.php(130): CInlineFilter->filter(Object(CFilterChain))
#18 /home/Administrador/data/ppma-06/vendor/yiisoft/yii/framework/web/CController.php(291): CFilterChain->run()
#19 /home/Administrador/data/ppma-06/vendor/yiisoft/yii/framework/web/CController.php(265): CController->runActionWithFilters(Object(CInlineAction), Array)
#20 /home/Administrador/data/ppma-06/vendor/yiisoft/yii/framework/web/CWebApplication.php(282): CController->run('login')
#21 /home/Administrador/data/ppma-06/vendor/yiisoft/yii/framework/web/CWebApplication.php(141): CWebApplication->runController('user/login')
#22 /home/Administrador/data/ppma-06/vendor/yiisoft/yii/framework/base/CApplication.php(180): CWebApplication->processRequest()
#23 /home/Administrador/data/ppma-06/index.php(14): CApplication->run()
#24 {main}
REQUEST_URI=/ppma-06/index.php?r=user/login
HTTP_REFERER=http://data.provinciamicrocreditos.com/ppma-06/index.php?r=user/login
---
2020/05/17 19:47:19 [error] [exception.CException] CException: CSecurityManager requires PHP mcrypt extension to be loaded in order to use data encryption feature. in /home/Administrador/data/ppma-06/vendor/yiisoft/yii/framework/base/CSecurityManager.php:250
Stack trace:
#0 /home/Administrador/data/ppma-06/vendor/yiisoft/yii/framework/base/CSecurityManager.php(218): CSecurityManager->openCryptModule()
#1 /home/Administrador/data/ppma-06/protected/components/UserIdentity.php(35): CSecurityManager->decrypt('\xA9\xDA\xEB\x80\xD6\xEF\x95Z}x,U3\x8F\xDA...', 'Prome20176a7b7e...')
#2 /home/Administrador/data/ppma-06/protected/models/forms/LoginForm.php(59): UserIdentity->authenticate()
#3 /home/Administrador/data/ppma-06/vendor/yiisoft/yii/framework/validators/CInlineValidator.php(42): LoginForm->authenticate('password', Array)
#4 /home/Administrador/data/ppma-06/vendor/yiisoft/yii/framework/validators/CValidator.php(213): CInlineValidator->validateAttribute(Object(LoginForm), 'password')
#5 /home/Administrador/data/ppma-06/vendor/yiisoft/yii/framework/base/CModel.php(159): CValidator->validate(Object(LoginForm), Array)
#6 /home/Administrador/data/ppma-06/protected/controllers/UserController.php(46): CModel->validate()
#7 /home/Administrador/data/ppma-06/vendor/yiisoft/yii/framework/web/actions/CInlineAction.php(49): UserController->actionLogin()
#8 /home/Administrador/data/ppma-06/vendor/yiisoft/yii/framework/web/CController.php(308): CInlineAction->runWithParams(Array)
#9 /home/Administrador/data/ppma-06/vendor/yiisoft/yii/framework/web/filters/CFilterChain.php(133): CController->runAction(Object(CInlineAction))
#10 /home/Administrador/data/ppma-06/vendor/yiisoft/yii/framework/web/filters/CFilter.php(40): CFilterChain->run()
#11 /home/Administrador/data/ppma-06/vendor/yiisoft/yii/framework/web/filters/CFilterChain.php(130): CFilter->filter(Object(CFilterChain))
#12 /home/Administrador/data/ppma-06/vendor/yiisoft/yii/framework/web/filters/CFilter.php(40): CFilterChain->run()
#13 /home/Administrador/data/ppma-06/vendor/yiisoft/yii/framework/web/filters/CFilterChain.php(130): CFilter->filter(Object(CFilterChain))
#14 /home/Administrador/data/ppma-06/vendor/yiisoft/yii/framework/web/filters/CFilter.php(40): CFilterChain->run()
#15 /home/Administrador/data/ppma-06/vendor/yiisoft/yii/framework/web/CController.php(1145): CFilter->filter(Object(CFilterChain))
#16 /home/Administrador/data/ppma-06/vendor/yiisoft/yii/framework/web/filters/CInlineFilter.php(58): CController->filterAccessControl(Object(CFilterChain))
#17 /home/Administrador/data/ppma-06/vendor/yiisoft/yii/framework/web/filters/CFilterChain.php(130): CInlineFilter->filter(Object(CFilterChain))
#18 /home/Administrador/data/ppma-06/vendor/yiisoft/yii/framework/web/CController.php(291): CFilterChain->run()
#19 /home/Administrador/data/ppma-06/vendor/yiisoft/yii/framework/web/CController.php(265): CController->runActionWithFilters(Object(CInlineAction), Array)
#20 /home/Administrador/data/ppma-06/vendor/yiisoft/yii/framework/web/CWebApplication.php(282): CController->run('login')
#21 /home/Administrador/data/ppma-06/vendor/yiisoft/yii/framework/web/CWebApplication.php(141): CWebApplication->runController('user/login')
#22 /home/Administrador/data/ppma-06/vendor/yiisoft/yii/framework/base/CApplication.php(180): CWebApplication->processRequest()
#23 /home/Administrador/data/ppma-06/index.php(14): CApplication->run()
#24 {main}
REQUEST_URI=/ppma-06/index.php?r=user/login
HTTP_REFERER=http://data.provinciamicrocreditos.com/ppma-06/index.php?r=user/login
---
2020/05/17 19:51:20 [error] [exception.CException] CException: CSecurityManager requires PHP mcrypt extension to be loaded in order to use data encryption feature. in /home/Administrador/data/ppma-06/vendor/yiisoft/yii/framework/base/CSecurityManager.php:250
Stack trace:
#0 /home/Administrador/data/ppma-06/vendor/yiisoft/yii/framework/base/CSecurityManager.php(218): CSecurityManager->openCryptModule()
#1 /home/Administrador/data/ppma-06/protected/components/UserIdentity.php(35): CSecurityManager->decrypt('\xA9\xDA\xEB\x80\xD6\xEF\x95Z}x,U3\x8F\xDA...', 'Prome20176a7b7e...')
#2 /home/Administrador/data/ppma-06/protected/models/forms/LoginForm.php(59): UserIdentity->authenticate()
#3 /home/Administrador/data/ppma-06/vendor/yiisoft/yii/framework/validators/CInlineValidator.php(42): LoginForm->authenticate('password', Array)
#4 /home/Administrador/data/ppma-06/vendor/yiisoft/yii/framework/validators/CValidator.php(213): CInlineValidator->validateAttribute(Object(LoginForm), 'password')
#5 /home/Administrador/data/ppma-06/vendor/yiisoft/yii/framework/base/CModel.php(159): CValidator->validate(Object(LoginForm), Array)
#6 /home/Administrador/data/ppma-06/protected/controllers/UserController.php(46): CModel->validate()
#7 /home/Administrador/data/ppma-06/vendor/yiisoft/yii/framework/web/actions/CInlineAction.php(49): UserController->actionLogin()
#8 /home/Administrador/data/ppma-06/vendor/yiisoft/yii/framework/web/CController.php(308): CInlineAction->runWithParams(Array)
#9 /home/Administrador/data/ppma-06/vendor/yiisoft/yii/framework/web/filters/CFilterChain.php(133): CController->runAction(Object(CInlineAction))
#10 /home/Administrador/data/ppma-06/vendor/yiisoft/yii/framework/web/filters/CFilter.php(40): CFilterChain->run()
#11 /home/Administrador/data/ppma-06/vendor/yiisoft/yii/framework/web/filters/CFilterChain.php(130): CFilter->filter(Object(CFilterChain))
#12 /home/Administrador/data/ppma-06/vendor/yiisoft/yii/framework/web/filters/CFilter.php(40): CFilterChain->run()
#13 /home/Administrador/data/ppma-06/vendor/yiisoft/yii/framework/web/filters/CFilterChain.php(130): CFilter->filter(Object(CFilterChain))
#14 /home/Administrador/data/ppma-06/vendor/yiisoft/yii/framework/web/filters/CFilter.php(40): CFilterChain->run()
#15 /home/Administrador/data/ppma-06/vendor/yiisoft/yii/framework/web/CController.php(1145): CFilter->filter(Object(CFilterChain))
#16 /home/Administrador/data/ppma-06/vendor/yiisoft/yii/framework/web/filters/CInlineFilter.php(58): CController->filterAccessControl(Object(CFilterChain))
#17 /home/Administrador/data/ppma-06/vendor/yiisoft/yii/framework/web/filters/CFilterChain.php(130): CInlineFilter->filter(Object(CFilterChain))
#18 /home/Administrador/data/ppma-06/vendor/yiisoft/yii/framework/web/CController.php(291): CFilterChain->run()
#19 /home/Administrador/data/ppma-06/vendor/yiisoft/yii/framework/web/CController.php(265): CController->runActionWithFilters(Object(CInlineAction), Array)
#20 /home/Administrador/data/ppma-06/vendor/yiisoft/yii/framework/web/CWebApplication.php(282): CController->run('login')
#21 /home/Administrador/data/ppma-06/vendor/yiisoft/yii/framework/web/CWebApplication.php(141): CWebApplication->runController('user/login')
#22 /home/Administrador/data/ppma-06/vendor/yiisoft/yii/framework/base/CApplication.php(180): CWebApplication->processRequest()
#23 /home/Administrador/data/ppma-06/index.php(14): CApplication->run()
#24 {main}
REQUEST_URI=/ppma-06/index.php?r=user/login
HTTP_REFERER=http://data.provinciamicrocreditos.com/ppma-06/index.php?r=user/login
---
2020/05/18 17:35:05 [error] [exception.CException] CException: CSecurityManager requires PHP mcrypt extension to be loaded in order to use data encryption feature. in /home/Administrador/data/ppma-06/vendor/yiisoft/yii/framework/base/CSecurityManager.php:250
Stack trace:
#0 /home/Administrador/data/ppma-06/vendor/yiisoft/yii/framework/base/CSecurityManager.php(218): CSecurityManager->openCryptModule()
#1 /home/Administrador/data/ppma-06/protected/components/UserIdentity.php(35): CSecurityManager->decrypt('\xA9\xDA\xEB\x80\xD6\xEF\x95Z}x,U3\x8F\xDA...', 'Prome20176a7b7e...')
#2 /home/Administrador/data/ppma-06/protected/models/forms/LoginForm.php(59): UserIdentity->authenticate()
#3 /home/Administrador/data/ppma-06/vendor/yiisoft/yii/framework/validators/CInlineValidator.php(42): LoginForm->authenticate('password', Array)
#4 /home/Administrador/data/ppma-06/vendor/yiisoft/yii/framework/validators/CValidator.php(213): CInlineValidator->validateAttribute(Object(LoginForm), 'password')
#5 /home/Administrador/data/ppma-06/vendor/yiisoft/yii/framework/base/CModel.php(159): CValidator->validate(Object(LoginForm), Array)
#6 /home/Administrador/data/ppma-06/protected/controllers/UserController.php(46): CModel->validate()
#7 /home/Administrador/data/ppma-06/vendor/yiisoft/yii/framework/web/actions/CInlineAction.php(49): UserController->actionLogin()
#8 /home/Administrador/data/ppma-06/vendor/yiisoft/yii/framework/web/CController.php(308): CInlineAction->runWithParams(Array)
#9 /home/Administrador/data/ppma-06/vendor/yiisoft/yii/framework/web/filters/CFilterChain.php(133): CController->runAction(Object(CInlineAction))
#10 /home/Administrador/data/ppma-06/vendor/yiisoft/yii/framework/web/filters/CFilter.php(40): CFilterChain->run()
#11 /home/Administrador/data/ppma-06/vendor/yiisoft/yii/framework/web/filters/CFilterChain.php(130): CFilter->filter(Object(CFilterChain))
#12 /home/Administrador/data/ppma-06/vendor/yiisoft/yii/framework/web/filters/CFilter.php(40): CFilterChain->run()
#13 /home/Administrador/data/ppma-06/vendor/yiisoft/yii/framework/web/filters/CFilterChain.php(130): CFilter->filter(Object(CFilterChain))
#14 /home/Administrador/data/ppma-06/vendor/yiisoft/yii/framework/web/filters/CFilter.php(40): CFilterChain->run()
#15 /home/Administrador/data/ppma-06/vendor/yiisoft/yii/framework/web/CController.php(1145): CFilter->filter(Object(CFilterChain))
#16 /home/Administrador/data/ppma-06/vendor/yiisoft/yii/framework/web/filters/CInlineFilter.php(58): CController->filterAccessControl(Object(CFilterChain))
#17 /home/Administrador/data/ppma-06/vendor/yiisoft/yii/framework/web/filters/CFilterChain.php(130): CInlineFilter->filter(Object(CFilterChain))
#18 /home/Administrador/data/ppma-06/vendor/yiisoft/yii/framework/web/CController.php(291): CFilterChain->run()
#19 /home/Administrador/data/ppma-06/vendor/yiisoft/yii/framework/web/CController.php(265): CController->runActionWithFilters(Object(CInlineAction), Array)
#20 /home/Administrador/data/ppma-06/vendor/yiisoft/yii/framework/web/CWebApplication.php(282): CController->run('login')
#21 /home/Administrador/data/ppma-06/vendor/yiisoft/yii/framework/web/CWebApplication.php(141): CWebApplication->runController('user/login')
#22 /home/Administrador/data/ppma-06/vendor/yiisoft/yii/framework/base/CApplication.php(180): CWebApplication->processRequest()
#23 /home/Administrador/data/ppma-06/index.php(14): CApplication->run()
#24 {main}
REQUEST_URI=/ppma-06/index.php?r=user/login
HTTP_REFERER=http://data.provinciamicrocreditos.com/ppma-06/index.php?r=user/login
---
2020/05/19 15:13:34 [error] [exception.CException] CException: CSecurityManager requires PHP mcrypt extension to be loaded in order to use data encryption feature. in /home/Administrador/data/ppma-06/vendor/yiisoft/yii/framework/base/CSecurityManager.php:250
Stack trace:
#0 /home/Administrador/data/ppma-06/vendor/yiisoft/yii/framework/base/CSecurityManager.php(218): CSecurityManager->openCryptModule()
#1 /home/Administrador/data/ppma-06/protected/components/UserIdentity.php(35): CSecurityManager->decrypt('\xA9\xDA\xEB\x80\xD6\xEF\x95Z}x,U3\x8F\xDA...', 'Prome20176a7b7e...')
#2 /home/Administrador/data/ppma-06/protected/models/forms/LoginForm.php(59): UserIdentity->authenticate()
#3 /home/Administrador/data/ppma-06/vendor/yiisoft/yii/framework/validators/CInlineValidator.php(42): LoginForm->authenticate('password', Array)
#4 /home/Administrador/data/ppma-06/vendor/yiisoft/yii/framework/validators/CValidator.php(213): CInlineValidator->validateAttribute(Object(LoginForm), 'password')
#5 /home/Administrador/data/ppma-06/vendor/yiisoft/yii/framework/base/CModel.php(159): CValidator->validate(Object(LoginForm), Array)
#6 /home/Administrador/data/ppma-06/protected/controllers/UserController.php(46): CModel->validate()
#7 /home/Administrador/data/ppma-06/vendor/yiisoft/yii/framework/web/actions/CInlineAction.php(49): UserController->actionLogin()
#8 /home/Administrador/data/ppma-06/vendor/yiisoft/yii/framework/web/CController.php(308): CInlineAction->runWithParams(Array)
#9 /home/Administrador/data/ppma-06/vendor/yiisoft/yii/framework/web/filters/CFilterChain.php(133): CController->runAction(Object(CInlineAction))
#10 /home/Administrador/data/ppma-06/vendor/yiisoft/yii/framework/web/filters/CFilter.php(40): CFilterChain->run()
#11 /home/Administrador/data/ppma-06/vendor/yiisoft/yii/framework/web/filters/CFilterChain.php(130): CFilter->filter(Object(CFilterChain))
#12 /home/Administrador/data/ppma-06/vendor/yiisoft/yii/framework/web/filters/CFilter.php(40): CFilterChain->run()
#13 /home/Administrador/data/ppma-06/vendor/yiisoft/yii/framework/web/filters/CFilterChain.php(130): CFilter->filter(Object(CFilterChain))
#14 /home/Administrador/data/ppma-06/vendor/yiisoft/yii/framework/web/filters/CFilter.php(40): CFilterChain->run()
#15 /home/Administrador/data/ppma-06/vendor/yiisoft/yii/framework/web/CController.php(1145): CFilter->filter(Object(CFilterChain))
#16 /home/Administrador/data/ppma-06/vendor/yiisoft/yii/framework/web/filters/CInlineFilter.php(58): CController->filterAccessControl(Object(CFilterChain))
#17 /home/Administrador/data/ppma-06/vendor/yiisoft/yii/framework/web/filters/CFilterChain.php(130): CInlineFilter->filter(Object(CFilterChain))
#18 /home/Administrador/data/ppma-06/vendor/yiisoft/yii/framework/web/CController.php(291): CFilterChain->run()
#19 /home/Administrador/data/ppma-06/vendor/yiisoft/yii/framework/web/CController.php(265): CController->runActionWithFilters(Object(CInlineAction), Array)
#20 /home/Administrador/data/ppma-06/vendor/yiisoft/yii/framework/web/CWebApplication.php(282): CController->run('login')
#21 /home/Administrador/data/ppma-06/vendor/yiisoft/yii/framework/web/CWebApplication.php(141): CWebApplication->runController('user/login')
#22 /home/Administrador/data/ppma-06/vendor/yiisoft/yii/framework/base/CApplication.php(180): CWebApplication->processRequest()
#23 /home/Administrador/data/ppma-06/index.php(14): CApplication->run()
#24 {main}
REQUEST_URI=/ppma-06/index.php?r=user/login
HTTP_REFERER=http://data.provinciamicrocreditos.com/ppma-06/index.php?r=user/login
---
2020/08/03 13:58:05 [error] [exception.CException] CException: CSecurityManager requires PHP mcrypt extension to be loaded in order to use data encryption feature. in /home/Administrador/data/ppma-06/vendor/yiisoft/yii/framework/base/CSecurityManager.php:250
Stack trace:
#0 /home/Administrador/data/ppma-06/vendor/yiisoft/yii/framework/base/CSecurityManager.php(218): CSecurityManager->openCryptModule()
#1 /home/Administrador/data/ppma-06/protected/components/UserIdentity.php(35): CSecurityManager->decrypt('\xA9\xDA\xEB\x80\xD6\xEF\x95Z}x,U3\x8F\xDA...', 'Prome20176a7b7e...')
#2 /home/Administrador/data/ppma-06/protected/models/forms/LoginForm.php(59): UserIdentity->authenticate()
#3 /home/Administrador/data/ppma-06/vendor/yiisoft/yii/framework/validators/CInlineValidator.php(42): LoginForm->authenticate('password', Array)
#4 /home/Administrador/data/ppma-06/vendor/yiisoft/yii/framework/validators/CValidator.php(213): CInlineValidator->validateAttribute(Object(LoginForm), 'password')
#5 /home/Administrador/data/ppma-06/vendor/yiisoft/yii/framework/base/CModel.php(159): CValidator->validate(Object(LoginForm), Array)
#6 /home/Administrador/data/ppma-06/protected/controllers/UserController.php(46): CModel->validate()
#7 /home/Administrador/data/ppma-06/vendor/yiisoft/yii/framework/web/actions/CInlineAction.php(49): UserController->actionLogin()
#8 /home/Administrador/data/ppma-06/vendor/yiisoft/yii/framework/web/CController.php(308): CInlineAction->runWithParams(Array)
#9 /home/Administrador/data/ppma-06/vendor/yiisoft/yii/framework/web/filters/CFilterChain.php(133): CController->runAction(Object(CInlineAction))
#10 /home/Administrador/data/ppma-06/vendor/yiisoft/yii/framework/web/filters/CFilter.php(40): CFilterChain->run()
#11 /home/Administrador/data/ppma-06/vendor/yiisoft/yii/framework/web/filters/CFilterChain.php(130): CFilter->filter(Object(CFilterChain))
#12 /home/Administrador/data/ppma-06/vendor/yiisoft/yii/framework/web/filters/CFilter.php(40): CFilterChain->run()
#13 /home/Administrador/data/ppma-06/vendor/yiisoft/yii/framework/web/filters/CFilterChain.php(130): CFilter->filter(Object(CFilterChain))
#14 /home/Administrador/data/ppma-06/vendor/yiisoft/yii/framework/web/filters/CFilter.php(40): CFilterChain->run()
#15 /home/Administrador/data/ppma-06/vendor/yiisoft/yii/framework/web/CController.php(1145): CFilter->filter(Object(CFilterChain))
#16 /home/Administrador/data/ppma-06/vendor/yiisoft/yii/framework/web/filters/CInlineFilter.php(58): CController->filterAccessControl(Object(CFilterChain))
#17 /home/Administrador/data/ppma-06/vendor/yiisoft/yii/framework/web/filters/CFilterChain.php(130): CInlineFilter->filter(Object(CFilterChain))
#18 /home/Administrador/data/ppma-06/vendor/yiisoft/yii/framework/web/CController.php(291): CFilterChain->run()
#19 /home/Administrador/data/ppma-06/vendor/yiisoft/yii/framework/web/CController.php(265): CController->runActionWithFilters(Object(CInlineAction), Array)
#20 /home/Administrador/data/ppma-06/vendor/yiisoft/yii/framework/web/CWebApplication.php(282): CController->run('login')
#21 /home/Administrador/data/ppma-06/vendor/yiisoft/yii/framework/web/CWebApplication.php(141): CWebApplication->runController('user/login')
#22 /home/Administrador/data/ppma-06/vendor/yiisoft/yii/framework/base/CApplication.php(180): CWebApplication->processRequest()
#23 /home/Administrador/data/ppma-06/index.php(14): CApplication->run()
#24 {main}
REQUEST_URI=/ppma-06/index.php?r=user/login
HTTP_REFERER=http://data.provinciamicrocreditos.com/ppma-06/index.php?r=user/login
---
